Build started 5/31/2014 5:36:06 PM.
     1>Project "C:\Users\CVIP3D\documents\visual studio 2010\Projects\OPENCV_FACETracking1\OPENCV_FACETracking1\OPENCV_FACETracking1.vcxproj" on node 2 (build target(s)).
     1>InitializeBuildStatus:
         Creating "Release\OPENCV_FACETracking1.unsuccessfulbuild" because "AlwaysCreate" was specified.
       ClCompile:
         C:\Program Files (x86)\Microsoft Visual Studio 10.0\VC\bin\CL.exe /c /Zi /nologo /W3 /WX- /O2 /Oi /Oy- /GL /D WIN32 /D NDEBUG /D _CONSOLE /D _UNICODE /D UNICODE /Gm- /EHsc /MD /GS /Gy /fp:precise /Zc:wchar_t /Zc:forScope /Fo"Release\\" /Fd"Release\vc100.pdb" /Gd /TP /analyze- /errorReport:prompt main.cpp
         main.cpp
     1>main.cpp(72): warning C4244: '=' : conversion from 'double' to 'int', possible loss of data
     1>main.cpp(98): warning C4244: '=' : conversion from 'double' to 'int', possible loss of data
     1>main.cpp(132): warning C4244: 'argument' : conversion from 'double' to 'int', possible loss of data
     1>main.cpp(132): warning C4244: 'argument' : conversion from 'double' to 'int', possible loss of data
     1>main.cpp(154): warning C4018: '<' : signed/unsigned mismatch
     1>main.cpp(198): warning C4244: '=' : conversion from 'double' to 'int', possible loss of data
       Link:
         C:\Program Files (x86)\Microsoft Visual Studio 10.0\VC\bin\link.exe /ERRORREPORT:PROMPT /OUT:"C:\Users\CVIP3D\documents\visual studio 2010\Projects\OPENCV_FACETracking1\Release\OPENCV_FACETracking1.exe" /INCREMENTAL:NO /NOLOGO opencv_core248.lib opencv_imgproc248.lib opencv_highgui248.lib opencv_ml248.lib opencv_video248.lib opencv_features2d248.lib opencv_calib3d248.lib opencv_contrib248.lib opencv_flann248.lib opencv_gpu248d.lib opencv_legacy248.lib opencv_nonfree248.lib opencv_objdetect248.lib opencv_ocl248.lib opencv_photo248.lib opencv_stitching248.lib opencv_superres248.lib opencv_videostab248.lib kernel32.lib user32.lib gdi32.lib winspool.lib comdlg32.lib advapi32.lib shell32.lib ole32.lib oleaut32.lib uuid.lib odbc32.lib odbccp32.lib /MANIFEST /ManifestFile:"Release\OPENCV_FACETracking1.exe.intermediate.manifest" /MANIFESTUAC:"level='asInvoker' uiAccess='false'" /DEBUG /PDB:"C:\Users\CVIP3D\documents\visual studio 2010\Projects\OPENCV_FACETracking1\Release\OPENCV_FACETracking1.pdb" /SUBSYSTEM:CONSOLE /OPT:REF /OPT:ICF /LTCG /TLBID:1 /DYNAMICBASE /NXCOMPAT /IMPLIB:"C:\Users\CVIP3D\documents\visual studio 2010\Projects\OPENCV_FACETracking1\Release\OPENCV_FACETracking1.lib" /MACHINE:X86 Release\main.obj
         Generating code
         Finished generating code
         OPENCV_FACETracking1.vcxproj -> C:\Users\CVIP3D\documents\visual studio 2010\Projects\OPENCV_FACETracking1\Release\OPENCV_FACETracking1.exe
       Manifest:
         C:\Program Files (x86)\Microsoft SDKs\Windows\v7.0A\bin\mt.exe /nologo /verbose /outputresource:"C:\Users\CVIP3D\documents\visual studio 2010\Projects\OPENCV_FACETracking1\Release\OPENCV_FACETracking1.exe;#1" /manifest Release\OPENCV_FACETracking1.exe.intermediate.manifest
       FinalizeBuildStatus:
         Deleting file "Release\OPENCV_FACETracking1.unsuccessfulbuild".
         Touching "Release\OPENCV_FACETracking1.lastbuildstate".
     1>Done Building Project "C:\Users\CVIP3D\documents\visual studio 2010\Projects\OPENCV_FACETracking1\OPENCV_FACETracking1\OPENCV_FACETracking1.vcxproj" (build target(s)).

Build succeeded.

Time Elapsed 00:00:07.29
