Build started 5/10/2014 6:19:26 PM.
     1>Project "C:\Users\CVIP3D\documents\visual studio 2010\Projects\OPENCV_FACETracking1\OPENCV_FACETracking1\OPENCV_FACETracking1.vcxproj" on node 2 (build target(s)).
     1>InitializeBuildStatus:
         Creating "Debug\OPENCV_FACETracking1.unsuccessfulbuild" because "AlwaysCreate" was specified.
       ClCompile:
         C:\Program Files (x86)\Microsoft Visual Studio 10.0\VC\bin\CL.exe /c /ZI /nologo /W3 /WX- /Od /Oy- /D WIN32 /D _DEBUG /D _CONSOLE /D _UNICODE /D UNICODE /Gm /EHsc /RTC1 /MDd /GS /fp:precise /Zc:wchar_t /Zc:forScope /Fo"Debug\\" /Fd"Debug\vc100.pdb" /Gd /TP /analyze- /errorReport:prompt main.cpp
         main.cpp
     1>c:\users\cvip3d\documents\visual studio 2010\projects\opencv_facetracking1\opencv_facetracking1\main.cpp(72): warning C4244: '=' : conversion from 'double' to 'int', possible loss of data
     1>c:\users\cvip3d\documents\visual studio 2010\projects\opencv_facetracking1\opencv_facetracking1\main.cpp(98): warning C4244: '=' : conversion from 'double' to 'int', possible loss of data
     1>c:\users\cvip3d\documents\visual studio 2010\projects\opencv_facetracking1\opencv_facetracking1\main.cpp(132): warning C4244: 'argument' : conversion from 'double' to 'int', possible loss of data
     1>c:\users\cvip3d\documents\visual studio 2010\projects\opencv_facetracking1\opencv_facetracking1\main.cpp(132): warning C4244: 'argument' : conversion from 'double' to 'int', possible loss of data
     1>c:\users\cvip3d\documents\visual studio 2010\projects\opencv_facetracking1\opencv_facetracking1\main.cpp(154): warning C4018: '<' : signed/unsigned mismatch
     1>c:\users\cvip3d\documents\visual studio 2010\projects\opencv_facetracking1\opencv_facetracking1\main.cpp(198): warning C4244: '=' : conversion from 'double' to 'int', possible loss of data
       Link:
         C:\Program Files (x86)\Microsoft Visual Studio 10.0\VC\bin\link.exe /ERRORREPORT:PROMPT /OUT:"C:\Users\CVIP3D\documents\visual studio 2010\Projects\OPENCV_FACETracking1\Debug\OPENCV_FACETracking1.exe" /INCREMENTAL:NO /NOLOGO opencv_core248d.lib opencv_imgproc248d.lib opencv_highgui248d.lib opencv_ml248d.lib opencv_video248d.lib opencv_features2d248d.lib opencv_calib3d248d.lib opencv_contrib248d.lib opencv_flann248d.lib opencv_gpu248d.lib opencv_legacy248d.lib opencv_nonfree248d.lib opencv_objdetect248d.lib opencv_ocl248d.lib opencv_photo248d.lib opencv_stitching248d.lib opencv_superres248d.lib opencv_videostab248d.lib kernel32.lib user32.lib gdi32.lib winspool.lib comdlg32.lib advapi32.lib shell32.lib ole32.lib oleaut32.lib uuid.lib odbc32.lib odbccp32.lib /MANIFEST /ManifestFile:"Debug\OPENCV_FACETracking1.exe.intermediate.manifest" /MANIFESTUAC:"level='asInvoker' uiAccess='false'" /DEBUG /PDB:"C:\Users\CVIP3D\documents\visual studio 2010\Projects\OPENCV_FACETracking1\Debug\OPENCV_FACETracking1.pdb" /SUBSYSTEM:CONSOLE /TLBID:1 /DYNAMICBASE /NXCOMPAT /IMPLIB:"C:\Users\CVIP3D\documents\visual studio 2010\Projects\OPENCV_FACETracking1\Debug\OPENCV_FACETracking1.lib" /MACHINE:X86 Debug\main.obj
     1>main.obj : warning LNK4075: ignoring '/EDITANDCONTINUE' due to '/INCREMENTAL:NO' specification
         OPENCV_FACETracking1.vcxproj -> C:\Users\CVIP3D\documents\visual studio 2010\Projects\OPENCV_FACETracking1\Debug\OPENCV_FACETracking1.exe
       Manifest:
         C:\Program Files (x86)\Microsoft SDKs\Windows\v7.0A\bin\mt.exe /nologo /verbose /outputresource:"C:\Users\CVIP3D\documents\visual studio 2010\Projects\OPENCV_FACETracking1\Debug\OPENCV_FACETracking1.exe;#1" /manifest Debug\OPENCV_FACETracking1.exe.intermediate.manifest
       FinalizeBuildStatus:
         Deleting file "Debug\OPENCV_FACETracking1.unsuccessfulbuild".
         Touching "Debug\OPENCV_FACETracking1.lastbuildstate".
     1>Done Building Project "C:\Users\CVIP3D\documents\visual studio 2010\Projects\OPENCV_FACETracking1\OPENCV_FACETracking1\OPENCV_FACETracking1.vcxproj" (build target(s)).

Build succeeded.

Time Elapsed 00:00:03.60
